android/app/build/outputs/mapping/release/seeds.txt
com.getcapacitor.plugin.CapacitorCookies: void clearCookies(com.getcapacitor.PluginCall)
org.apache.cordova.CordovaInterfaceImpl: CordovaInterfaceImpl(androidx.appcompat.app.AppCompatActivity)
org.apache.cordova.CoreAndroid: void pluginInitialize()
com.google.android.material.textfield.TextInputLayout: java.lang.CharSequence getHelperText()
com.getcapacitor.plugin.SystemBars: void lambda$show$2(java.lang.String,com.getcapacitor.PluginCall)
org.apache.cordova.CordovaPlugin: org.apache.cordova.CordovaPluginPathHandler getPathHandler()
org.apache.cordova.CordovaPlugin: void onRestoreStateForActivityResult(android.os.Bundle,org.apache.cordova.CallbackContext)
org.chromium.support_lib_boundary.ProfileStoreBoundaryInterface: java.util.List getAllProfileNames()
androidx.appcompat.widget.AppCompatTextView: void setTextMetricsParamsCompat(androidx.core.text.PrecomputedTextCompat$Params)
androidx.appcompat.widget.AppCompatTextView: androidx.appcompat.widget.AppCompatTextView$SuperCaller getSuperCaller()
androidx.appcompat.widget.AppCompatTextView: void setSupportCompoundDrawablesTintMode(android.graphics.PorterDuff$Mode)
com.google.android.material.chip.Chip: android.graphics.drawable.Drawable getChipIcon()
androidx.recyclerview.widget.RecyclerView: int getScrollState()
org.apache.cordova.CordovaWebViewImpl: void loadUrl(java.lang.String)
androidx.appcompat.widget.Toolbar: void setLogoDescription(int)
org.chromium.support_lib_boundary.TracingControllerBoundaryInterface: boolean isTracing()
androidx.core.view.WindowInsetsCompat$Impl21: boolean isConsumed()
com.google.android.material.textfield.TextInputLayout: void setSuffixTextColor(android.content.res.ColorStateList)
androidx.appcompat.widget.AppCompatCheckBox: void setSupportBackgroundTintMode(android.graphics.PorterDuff$Mode)
androidx.lifecycle.ProcessLifecycleOwner$Api29Impl: void registerActivityLifecycleCallbacks(android.app.Activity,android.app.Application$ActivityLifecycleCallbacks)
com.getcapacitor.cordova.MockCordovaWebViewImpl: boolean isCustomViewShowing()
com.google.android.material.chip.Chip: void setChipIconSizeResource(int)
org.apache.cordova.CordovaWebViewImpl: org.apache.cordova.CordovaWebViewEngine createEngine(android.content.Context,org.apache.cordova.CordovaPreferences)
androidx.appcompat.widget.AppCompatCheckBox: void setEmojiCompatEnabled(boolean)
androidx.appcompat.widget.AppCompatTextHelper$Api26Impl: void setAutoSizeTextTypeUniformWithPresetSizes(android.widget.TextView,int[],int)
com.google.android.material.chip.Chip: void setChipIconEnabledResource(int)
org.apache.cordova.CordovaInterfaceImpl: java.lang.Object onMessage(java.lang.String,java.lang.Object)
com.getcapacitor.plugin.CapacitorCookies: void setCookie(com.getcapacitor.PluginCall)
org.chromium.support_lib_boundary.ServiceWorkerClientBoundaryInterface: android.webkit.WebResourceResponse shouldInterceptRequest(android.webkit.WebResourceRequest)
com.google.android.material.chip.Chip: android.graphics.drawable.Drawable getChipDrawable()
com.google.android.material.button.MaterialButton: void setStrokeWidthResource(int)
com.getcapacitor.Plugin: void requestPermissions(com.getcapacitor.PluginCall)
org.chromium.support_lib_boundary.StaticsBoundaryInterface: void setDefaultTrafficStatsTag(int)
com.getcapacitor.Plugin: java.lang.String getLogTag()
com.google.android.material.chip.Chip: void setIconStartPaddingResource(int)
androidx.lifecycle.EmptyActivityLifecycleCallbacks: void onActivityResumed(android.app.Activity)
androidx.core.view.WindowInsetsCompat$Impl34: WindowInsetsCompat$Impl34(androidx.core.view.WindowInsetsCompat,android.view.WindowInsets)
org.chromium.support_lib_boundary.WebSettingsBoundaryInterface: java.util.Set getRequestedWithHeaderOriginAllowList()
androidx.fragment.app.FragmentContainerView: void setLayoutTransition(android.animation.LayoutTransition)
com.getcapacitor.plugin.SystemBars: void initSystemBars()